/home/jd/.local/lib/python3.8/site-packages/setuptools/dist.py:495: SetuptoolsDeprecationWarning: Invalid dash-separated options
!!

        ********************************************************************************
        Usage of dash-separated 'script-dir' will not be supported in future
        versions. Please use the underscore name 'script_dir' instead.

        This deprecation is overdue, please update your project and remove deprecated
        calls to avoid build errors in the future.

        See https://setuptools.pypa.io/en/latest/userguide/declarative_config.html for details.
        ********************************************************************************

!!
  opt = self.warn_dash_deprecation(opt, section)
/home/jd/.local/lib/python3.8/site-packages/setuptools/_distutils/dist.py:261: UserWarning: Unknown distribution option: 'tests_require'
  warnings.warn(msg)
running develop
running egg_info
creating lumen_lights_ros2.egg-info
writing lumen_lights_ros2.egg-info/PKG-INFO
writing dependency_links to lumen_lights_ros2.egg-info/dependency_links.txt
writing requirements to lumen_lights_ros2.egg-info/requires.txt
writing top-level names to lumen_lights_ros2.egg-info/top_level.txt
writing manifest file 'lumen_lights_ros2.egg-info/SOURCES.txt'
reading manifest file 'lumen_lights_ros2.egg-info/SOURCES.txt'
writing manifest file 'lumen_lights_ros2.egg-info/SOURCES.txt'
running build_ext
Creating /home/jd/BluROV2_ROS2_ws/install/lumen_lights_ros2/lib/python3.8/site-packages/lumen-lights-ros2.egg-link (link to .)

Installed /home/jd/BluROV2_ROS2_ws/build/lumen_lights_ros2
running symlink_data
